<?xml version="1.0" encoding="UTF-8"?>
<testsuite name="com.devcoop.kiosk.KioskApplicationTests" tests="1" skipped="0" failures="0" errors="0" timestamp="2024-03-20T08:05:33" hostname="DevcTM" time="0.457">
  <properties/>
  <testcase name="contextLoads()" classname="com.devcoop.kiosk.KioskApplicationTests" time="0.457"/>
  <system-out><![CDATA[08:05:28.446 [Test worker] INFO org.springframework.test.context.support.AnnotationConfigContextLoaderUtils -- Could not detect default configuration classes for test class [com.devcoop.kiosk.KioskApplicationTests]: KioskApplicationTests does not declare any static, non-private, non-final, nested classes annotated with @Configuration.
08:05:28.540 [Test worker] INFO org.springframework.boot.test.context.SpringBootTestContextBootstrapper -- Found @SpringBootConfiguration com.devcoop.kiosk.KioskApplication for test class com.devcoop.kiosk.KioskApplicationTests

  .   ____          _            __ _ _
 /\\ / ___'_ __ _ _(_)_ __  __ _ \ \ \ \
( ( )\___ | '_ | '_| | '_ \/ _` | \ \ \ \
 \\/  ___)| |_)| | | | | || (_| |  ) ) ) )
  '  |____| .__|_| |_|_| |_\__, | / / / /
 =========|_|==============|___/=/_/_/_/
 :: Spring Boot ::                (v3.1.5)

2024-03-20T08:05:28.902Z  INFO 26124 --- [    Test worker] c.devcoop.kiosk.KioskApplicationTests    : Starting KioskApplicationTests using Java 17.0.10 with PID 26124 (started by root in /home/devcoop/server/kiosk/devcoop_self_counter_server_v1)
2024-03-20T08:05:28.904Z  INFO 26124 --- [    Test worker] c.devcoop.kiosk.KioskApplicationTests    : No active profile set, falling back to 1 default profile: "default"
2024-03-20T08:05:29.595Z  INFO 26124 --- [    Test worker] .s.d.r.c.RepositoryConfigurationDelegate : Bootstrapping Spring Data JPA repositories in DEFAULT mode.
2024-03-20T08:05:29.659Z  INFO 26124 --- [    Test worker] .s.d.r.c.RepositoryConfigurationDelegate : Finished Spring Data repository scanning in 55 ms. Found 5 JPA repository interfaces.
2024-03-20T08:05:30.170Z  INFO 26124 --- [    Test worker] o.hibernate.jpa.internal.util.LogHelper  : HHH000204: Processing PersistenceUnitInfo [name: default]
2024-03-20T08:05:30.205Z  INFO 26124 --- [    Test worker] org.hibernate.Version                    : HHH000412: Hibernate ORM core version 6.2.13.Final
2024-03-20T08:05:30.207Z  INFO 26124 --- [    Test worker] org.hibernate.cfg.Environment            : HHH000406: Using bytecode reflection optimizer
2024-03-20T08:05:30.429Z  INFO 26124 --- [    Test worker] o.s.o.j.p.SpringPersistenceUnitInfo      : No LoadTimeWeaver setup: ignoring JPA class transformer
2024-03-20T08:05:30.450Z  INFO 26124 --- [    Test worker] com.zaxxer.hikari.HikariDataSource       : HikariPool-1 - Starting...
2024-03-20T08:05:30.752Z  INFO 26124 --- [    Test worker] com.zaxxer.hikari.pool.HikariPool        : HikariPool-1 - Added connection com.mysql.cj.jdbc.ConnectionImpl@430d3021
2024-03-20T08:05:30.754Z  INFO 26124 --- [    Test worker] com.zaxxer.hikari.HikariDataSource       : HikariPool-1 - Start completed.
2024-03-20T08:05:31.600Z  INFO 26124 --- [    Test worker] o.h.e.t.j.p.i.JtaPlatformInitiator       : HHH000489: No JTA platform available (set 'hibernate.transaction.jta.platform' to enable JTA platform integration)
2024-03-20T08:05:31.642Z  INFO 26124 --- [    Test worker] j.LocalContainerEntityManagerFactoryBean : Initialized JPA EntityManagerFactory for persistence unit 'default'
2024-03-20T08:05:32.015Z  INFO 26124 --- [    Test worker] o.s.d.j.r.query.QueryEnhancerFactory     : Hibernate is in classpath; If applicable, HQL parser will be used.
2024-03-20T08:05:32.468Z  WARN 26124 --- [    Test worker] JpaBaseConfiguration$JpaWebConfiguration : spring.jpa.open-in-view is enabled by default. Therefore, database queries may be performed during view rendering. Explicitly configure spring.jpa.open-in-view to disable this warning
2024-03-20T08:05:32.486Z  WARN 26124 --- [    Test worker] .s.s.UserDetailsServiceAutoConfiguration : 

Using generated security password: 08d2e3f0-48bd-4cb0-8489-111f43329720

This generated password is for development use only. Your security configuration must be updated before running your application in production.

2024-03-20T08:05:32.715Z  INFO 26124 --- [    Test worker] o.s.s.web.DefaultSecurityFilterChain     : Will secure any request with [org.springframework.security.web.session.DisableEncodeUrlFilter@7c58c10f, org.springframework.security.web.context.request.async.WebAsyncManagerIntegrationFilter@389f4282, org.springframework.security.web.context.SecurityContextHolderFilter@3bde85b0, org.springframework.security.web.header.HeaderWriterFilter@20072ff1, org.springframework.web.filter.CorsFilter@7cf618f3, org.springframework.security.web.authentication.logout.LogoutFilter@414d5660, org.springframework.security.web.savedrequest.RequestCacheAwareFilter@9930ff6, org.springframework.security.web.servletapi.SecurityContextHolderAwareRequestFilter@5b1dd206, org.springframework.security.web.authentication.AnonymousAuthenticationFilter@45745de6, org.springframework.security.web.access.ExceptionTranslationFilter@71d2bc34, org.springframework.security.web.access.intercept.AuthorizationFilter@3a3fc789]
2024-03-20T08:05:33.045Z  INFO 26124 --- [    Test worker] c.devcoop.kiosk.KioskApplicationTests    : Started KioskApplicationTests in 4.389 seconds (process running for 5.365)
]]></system-out>
  <system-err><![CDATA[]]></system-err>
</testsuite>
